\BOOKMARK [1][-]{section.1}{Introduction}{}% 1
\BOOKMARK [2][-]{subsection.1.1}{Summary}{section.1}% 2
\BOOKMARK [2][-]{subsection.1.2}{Literature\040Review}{section.1}% 3
\BOOKMARK [3][-]{subsubsection.1.2.1}{Luminosity-based\040Approach}{subsection.1.2}% 4
\BOOKMARK [3][-]{subsubsection.1.2.2}{Natural\040Disaster\040Economics}{subsection.1.2}% 5
\BOOKMARK [1][-]{section.2}{Data}{}% 6
\BOOKMARK [2][-]{subsection.2.1}{Data\040Description}{section.2}% 7
\BOOKMARK [2][-]{subsection.2.2}{Data\040Preprocessing}{section.2}% 8
\BOOKMARK [3][-]{subsubsection.2.2.1}{QGIS}{subsection.2.2}% 9
\BOOKMARK [3][-]{subsubsection.2.2.2}{Python\040Architecture}{subsection.2.2}% 10
\BOOKMARK [3][-]{subsubsection.2.2.3}{Denoising}{subsection.2.2}% 11
\BOOKMARK [1][-]{section.3}{Modelling}{}% 12
\BOOKMARK [2][-]{subsection.3.1}{Disaster\040Impact\040Models}{section.3}% 13
\BOOKMARK [3][-]{subsubsection.3.1.1}{Linear\040Distance-based\040Modelling}{subsection.3.1}% 14
\BOOKMARK [3][-]{subsubsection.3.1.2}{Recorded\040Disaster\040Impact-based\040Modelling}{subsection.3.1}% 15
\BOOKMARK [2][-]{subsection.3.2}{Panel\040Model}{section.3}% 16
\BOOKMARK [3][-]{subsubsection.3.2.1}{Region-based\040Panel}{subsection.3.2}% 17
\BOOKMARK [3][-]{subsubsection.3.2.2}{Section-based\040Panel}{subsection.3.2}% 18
\BOOKMARK [3][-]{subsubsection.3.2.3}{Dynamic\040Panel}{subsection.3.2}% 19
\BOOKMARK [1][-]{section.4}{Results}{}% 20
\BOOKMARK [2][-]{subsection.4.1}{Case\040Analysis}{section.4}% 21
\BOOKMARK [2][-]{subsection.4.2}{Modelling\040Results}{section.4}% 22
\BOOKMARK [2][-]{subsection.4.3}{Conclusions}{section.4}% 23
\BOOKMARK [2][-]{subsection.4.4}{Outlook}{section.4}% 24
